<?xml version="1.0" encoding="UTF-8"?>
<!-- Generated by org.testng.reporters.JUnitReportReporter -->
<testsuite hostname="LAPTOP-IED5V1BU" failures="0" tests="1" name="com.spurQlabs.TestScripts.Operation1" time="7.592" errors="0" timestamp="2021-08-20T00:20:46 IST" skipped="0">
  <testcase classname="com.spurQlabs.TestScripts.Operation1" name="multiplication" time="7.592"/>
  <system-out>
    <![CDATA[APPLICATION OPEN
MULTIPLICATION COMPLETED
APPLICATION CLOSE]]>
  </system-out>
</testsuite> <!-- com.spurQlabs.TestScripts.Operation1 -->
