<?xml version="1.0" encoding="UTF-8"?>
<!-- Generated by org.testng.reporters.JUnitReportReporter -->
<testsuite hostname="LAPTOP-IED5V1BU" failures="0" tests="1" name="com.spurQlabs.TestScripts.Operation3" time="7.174" errors="0" timestamp="2021-08-20T00:20:46 IST" skipped="0">
  <testcase classname="com.spurQlabs.TestScripts.Operation3" name="addition" time="7.174"/>
  <system-out>
    <![CDATA[APPLICATION OPEN
ADDITION COMPLETED
APPLICATION CLOSE]]>
  </system-out>
</testsuite> <!-- com.spurQlabs.TestScripts.Operation3 -->
