<?xml version="1.0" encoding="UTF-8"?>
<!-- Generated by org.testng.reporters.JUnitReportReporter -->
<testsuite hostname="LAPTOP-IED5V1BU" failures="0" tests="1" name="com.spurQlabs.TestScripts.Operation4" time="7.817" errors="0" timestamp="2021-08-20T00:20:46 IST" skipped="0">
  <testcase classname="com.spurQlabs.TestScripts.Operation4" name="subtraction" time="7.817"/>
  <system-out>
    <![CDATA[APPLICATION OPEN
SUBTRACTION COMPLETED
APPLICATION CLOSE]]>
  </system-out>
</testsuite> <!-- com.spurQlabs.TestScripts.Operation4 -->
